<?xml version="1.0" encoding="UTF-8"?>
<!-- Generated by org.testng.reporters.JUnitReportReporter -->
<testsuite skipped="0" hostname="MDB22LT526" name="tests.TestNGConcepts" tests="4" failures="0" timestamp="16 Feb 2020 13:20:19 GMT" time="0.018" errors="0">
  <testcase name="testcase2" time="0.004" classname="tests.TestNGConcepts"/>
  <testcase name="testcase2" time="0.004" classname="tests.TestNGConcepts"/>
  <testcase name="testcase1" time="0.001" classname="tests.TestNGConcepts"/>
  <testcase name="testcase1" time="0.009" classname="tests.TestNGConcepts"/>
</testsuite> <!-- tests.TestNGConcepts -->
