<?xml version="1.0" encoding="UTF-8"?>
<!-- Generated by org.testng.reporters.JUnitReportReporter -->
<testsuite skipped="0" hostname="MDB22LT526" name="tests.ExcelRWTest" tests="2" failures="0" timestamp="18 Feb 2020 04:34:41 GMT" time="0.847" errors="0">
  <testcase name="ReadExcel" time="0.662" classname="tests.ExcelRWTest"/>
  <testcase name="WriteExcel" time="0.185" classname="tests.ExcelRWTest"/>
</testsuite> <!-- tests.ExcelRWTest -->
