<?xml version="1.0" encoding="UTF-8"?>
<!-- Generated by org.testng.reporters.JUnitReportReporter -->
<testsuite skipped="0" hostname="MDB22LT526" name="tests.ParallelTest" tests="5" failures="0" timestamp="18 Feb 2020 04:34:41 GMT" time="35.704" errors="0">
  <testcase name="testMethod2" time="7.387" classname="tests.ParallelTest"/>
  <testcase name="testMethod1" time="7.278" classname="tests.ParallelTest"/>
  <testcase name="testMethod5" time="7.028" classname="tests.ParallelTest"/>
  <testcase name="testMethod4" time="7.027" classname="tests.ParallelTest"/>
  <testcase name="testMethod3" time="6.984" classname="tests.ParallelTest"/>
</testsuite> <!-- tests.ParallelTest -->
