<?xml version="1.0" encoding="UTF-8"?>
<!-- Generated by org.testng.reporters.JUnitReportReporter -->
<testsuite skipped="0" hostname="MDB22LT526" name="tests.GroupsandPriorityTest" tests="6" failures="0" timestamp="17 Feb 2020 09:08:34 GMT" time="53.199" errors="0">
  <testcase name="testMethod6" time="12.409" classname="tests.GroupsandPriorityTest"/>
  <testcase name="testMethod5" time="7.702" classname="tests.GroupsandPriorityTest"/>
  <testcase name="testMethod4" time="8.137" classname="tests.GroupsandPriorityTest"/>
  <testcase name="testMethod3" time="7.972" classname="tests.GroupsandPriorityTest"/>
  <testcase name="testMethod2" time="7.935" classname="tests.GroupsandPriorityTest"/>
  <testcase name="testMethod1" time="9.044" classname="tests.GroupsandPriorityTest"/>
</testsuite> <!-- tests.GroupsandPriorityTest -->
