<?xml version="1.0" encoding="UTF-8"?>
<!-- Generated by org.testng.reporters.JUnitReportReporter -->
<testsuite skipped="0" hostname="MDB22LT526" name="tests.DataProviderTest" tests="2" failures="0" timestamp="18 Feb 2020 04:34:41 GMT" time="0.004" errors="0">
  <testcase name="dataProviderTestMethod" time="0.002" classname="tests.DataProviderTest"/>
  <testcase name="dataProviderTestMethod" time="0.002" classname="tests.DataProviderTest"/>
</testsuite> <!-- tests.DataProviderTest -->
