<?xml version="1.0" encoding="UTF-8"?>
<!-- Generated by org.testng.reporters.JUnitReportReporter -->
<testsuite skipped="0" hostname="MDB22LT526" name="tests.ParallelTest" tests="5" failures="0" timestamp="17 Feb 2020 05:09:40 GMT" time="37.996" errors="0">
  <testcase name="testMethod5" time="7.087" classname="tests.ParallelTest"/>
  <testcase name="testMethod3" time="7.629" classname="tests.ParallelTest"/>
  <testcase name="testMethod4" time="7.372" classname="tests.ParallelTest"/>
  <testcase name="testMethod1" time="8.397" classname="tests.ParallelTest"/>
  <testcase name="testMethod2" time="7.511" classname="tests.ParallelTest"/>
</testsuite> <!-- tests.ParallelTest -->
