<?xml version="1.0" encoding="UTF-8"?>
<!-- Generated by org.testng.reporters.JUnitReportReporter -->
<testsuite skipped="0" hostname="MDB22LT526" name="tests.TestNGAnnotations" tests="2" failures="0" timestamp="17 Feb 2020 05:09:40 GMT" time="0.001" errors="0">
  <testcase name="testcase2" time="0.001" classname="tests.TestNGAnnotations"/>
  <testcase name="testcase1" time="0.000" classname="tests.TestNGAnnotations"/>
</testsuite> <!-- tests.TestNGAnnotations -->
